\BOOKMARK [1][-]{section.1}{\376\377\000I\000n\000t\000r\000o\000d\000u\000c\000t\000i\000o\000n}{}% 1
\BOOKMARK [1][-]{section.2}{\376\377\000R\000e\000l\000a\000t\000e\000d\000\040\000W\000o\000r\000k}{}% 2
\BOOKMARK [2][-]{subsection.2.1}{\376\377\000R\000L\000\040\000B\000e\000n\000c\000h\000m\000a\000r\000k\000s}{section.2}% 3
\BOOKMARK [2][-]{subsection.2.2}{\376\377\000L\000o\000n\000g\000-\000H\000o\000r\000i\000z\000o\000n\000\040\000R\000L}{section.2}% 4
\BOOKMARK [2][-]{subsection.2.3}{\376\377\000C\000l\000i\000n\000i\000c\000a\000l\000\040\000T\000r\000i\000a\000l\000\040\000O\000p\000t\000i\000m\000i\000z\000a\000t\000i\000o\000n}{section.2}% 5
\BOOKMARK [1][-]{section.3}{\376\377\000E\000n\000v\000i\000r\000o\000n\000m\000e\000n\000t\000\040\000D\000e\000s\000i\000g\000n}{}% 6
\BOOKMARK [2][-]{subsection.3.1}{\376\377\000O\000v\000e\000r\000v\000i\000e\000w}{section.3}% 7
\BOOKMARK [2][-]{subsection.3.2}{\376\377\000O\000b\000s\000e\000r\000v\000a\000t\000i\000o\000n\000\040\000S\000p\000a\000c\000e}{section.3}% 8
\BOOKMARK [2][-]{subsection.3.3}{\376\377\000A\000c\000t\000i\000o\000n\000\040\000S\000p\000a\000c\000e}{section.3}% 9
\BOOKMARK [2][-]{subsection.3.4}{\376\377\000R\000e\000w\000a\000r\000d\000\040\000F\000u\000n\000c\000t\000i\000o\000n}{section.3}% 10
\BOOKMARK [2][-]{subsection.3.5}{\376\377\000D\000e\000l\000a\000y\000e\000d\000\040\000E\000f\000f\000e\000c\000t\000s}{section.3}% 11
\BOOKMARK [2][-]{subsection.3.6}{\376\377\000M\000i\000l\000e\000s\000t\000o\000n\000e\000\040\000S\000y\000s\000t\000e\000m}{section.3}% 12
\BOOKMARK [2][-]{subsection.3.7}{\376\377\000N\000o\000n\000-\000S\000t\000a\000t\000i\000o\000n\000a\000r\000i\000t\000y}{section.3}% 13
\BOOKMARK [2][-]{subsection.3.8}{\376\377\000T\000o\000k\000e\000n\000\040\000B\000u\000d\000g\000e\000t\000\040\000S\000y\000s\000t\000e\000m}{section.3}% 14
\BOOKMARK [1][-]{section.4}{\376\377\000A\000g\000e\000n\000t\000\040\000A\000r\000c\000h\000i\000t\000e\000c\000t\000u\000r\000e\000s}{}% 15
\BOOKMARK [2][-]{subsection.4.1}{\376\377\000H\000C\000A\000P\000O\000:\000\040\000H\000i\000e\000r\000a\000r\000c\000h\000i\000c\000a\000l\000\040\000C\000o\000n\000s\000t\000r\000a\000i\000n\000e\000d\000\040\000A\000c\000t\000o\000r\000-\000C\000r\000i\000t\000i\000c\000\040\000w\000i\000t\000h\000\040\000P\000l\000a\000n\000n\000i\000n\000g\000\040\000O\000p\000t\000i\000m\000i\000z\000a\000t\000i\000o\000n}{section.4}% 16
\BOOKMARK [2][-]{subsection.4.2}{\376\377\000M\000i\000R\000A\000:\000\040\000M\000i\000l\000e\000s\000t\000o\000n\000e\000-\000b\000a\000s\000e\000d\000\040\000R\000e\000w\000a\000r\000d\000\040\000A\000u\000g\000m\000e\000n\000t\000a\000t\000i\000o\000n}{section.4}% 17
\BOOKMARK [2][-]{subsection.4.3}{\376\377\000K\000L\000o\000n\000g\000:\000\040\000L\000o\000n\000g\000-\000C\000o\000n\000t\000e\000x\000t\000\040\000T\000r\000a\000j\000e\000c\000t\000o\000r\000y\000\040\000P\000r\000o\000c\000e\000s\000s\000i\000n\000g}{section.4}% 18
\BOOKMARK [2][-]{subsection.4.4}{\376\377\000M\000e\000m\000e\000x\000R\000L\000:\000\040\000M\000e\000m\000o\000r\000y\000-\000A\000u\000g\000m\000e\000n\000t\000e\000d\000\040\000R\000e\000i\000n\000f\000o\000r\000c\000e\000m\000e\000n\000t\000\040\000L\000e\000a\000r\000n\000i\000n\000g}{section.4}% 19
\BOOKMARK [1][-]{section.5}{\376\377\000E\000x\000p\000e\000r\000i\000m\000e\000n\000t\000a\000l\000\040\000S\000e\000t\000u\000p}{}% 20
\BOOKMARK [2][-]{subsection.5.1}{\376\377\000T\000r\000a\000i\000n\000i\000n\000g\000\040\000P\000r\000o\000t\000o\000c\000o\000l}{section.5}% 21
\BOOKMARK [2][-]{subsection.5.2}{\376\377\000E\000v\000a\000l\000u\000a\000t\000i\000o\000n\000\040\000P\000r\000o\000t\000o\000c\000o\000l}{section.5}% 22
\BOOKMARK [2][-]{subsection.5.3}{\376\377\000S\000t\000a\000t\000i\000s\000t\000i\000c\000a\000l\000\040\000A\000n\000a\000l\000y\000s\000i\000s}{section.5}% 23
\BOOKMARK [1][-]{section.6}{\376\377\000R\000e\000s\000u\000l\000t\000s}{}% 24
\BOOKMARK [2][-]{subsection.6.1}{\376\377\000M\000a\000i\000n\000\040\000R\000e\000s\000u\000l\000t\000s}{section.6}% 25
\BOOKMARK [2][-]{subsection.6.2}{\376\377\000P\000e\000r\000-\000S\000e\000e\000d\000\040\000B\000r\000e\000a\000k\000d\000o\000w\000n}{section.6}% 26
\BOOKMARK [2][-]{subsection.6.3}{\376\377\000S\000t\000a\000t\000i\000s\000t\000i\000c\000a\000l\000\040\000S\000i\000g\000n\000i\000f\000i\000c\000a\000n\000c\000e}{section.6}% 27
\BOOKMARK [2][-]{subsection.6.4}{\376\377\000I\000n\000t\000e\000g\000r\000a\000t\000i\000o\000n\000\040\000T\000e\000s\000t\000\040\000R\000e\000s\000u\000l\000t\000s}{section.6}% 28
\BOOKMARK [1][-]{section.7}{\376\377\000A\000n\000a\000l\000y\000s\000i\000s}{}% 29
\BOOKMARK [2][-]{subsection.7.1}{\376\377\000W\000h\000y\000\040\000H\000i\000e\000r\000a\000r\000c\000h\000i\000c\000a\000l\000\040\000P\000l\000a\000n\000n\000i\000n\000g\000\040\000O\000u\000t\000p\000e\000r\000f\000o\000r\000m\000s}{section.7}% 30
\BOOKMARK [2][-]{subsection.7.2}{\376\377\000M\000e\000m\000o\000r\000y\000\040\000A\000u\000g\000m\000e\000n\000t\000a\000t\000i\000o\000n\000:\000\040\000H\000e\000l\000p\000f\000u\000l\000\040\000b\000u\000t\000\040\000I\000n\000s\000u\000f\000f\000i\000c\000i\000e\000n\000t}{section.7}% 31
\BOOKMARK [2][-]{subsection.7.3}{\376\377\000P\000o\000t\000e\000n\000t\000i\000a\000l\000-\000B\000a\000s\000e\000d\000\040\000S\000h\000a\000p\000i\000n\000g\000:\000\040\000S\000t\000e\000a\000d\000y\000\040\000b\000u\000t\000\040\000C\000o\000n\000s\000e\000r\000v\000a\000t\000i\000v\000e}{section.7}% 32
\BOOKMARK [2][-]{subsection.7.4}{\376\377\000E\000f\000f\000e\000c\000t\000\040\000o\000f\000\040\000T\000a\000s\000k\000\040\000D\000i\000f\000f\000i\000c\000u\000l\000t\000y}{section.7}% 33
\BOOKMARK [1][-]{section.8}{\376\377\000F\000e\000a\000t\000u\000r\000e\000\040\000S\000u\000i\000t\000e}{}% 34
\BOOKMARK [2][-]{subsection.8.1}{\376\377\000S\000e\000l\000e\000c\000t\000e\000d\000\040\000F\000e\000a\000t\000u\000r\000e\000\040\000H\000i\000g\000h\000l\000i\000g\000h\000t\000s}{section.8}% 35
\BOOKMARK [1][-]{section.9}{\376\377\000R\000e\000p\000r\000o\000d\000u\000c\000i\000b\000i\000l\000i\000t\000y}{}% 36
\BOOKMARK [2][-]{subsection.9.1}{\376\377\000S\000o\000f\000t\000w\000a\000r\000e\000\040\000a\000n\000d\000\040\000D\000a\000t\000a}{section.9}% 37
\BOOKMARK [2][-]{subsection.9.2}{\376\377\000T\000e\000s\000t\000\040\000S\000u\000i\000t\000e}{section.9}% 38
\BOOKMARK [2][-]{subsection.9.3}{\376\377\000C\000o\000m\000p\000u\000t\000e\000\040\000R\000e\000q\000u\000i\000r\000e\000m\000e\000n\000t\000s}{section.9}% 39
\BOOKMARK [1][-]{section.10}{\376\377\000D\000i\000s\000c\000u\000s\000s\000i\000o\000n}{}% 40
\BOOKMARK [2][-]{subsection.10.1}{\376\377\000I\000m\000p\000l\000i\000c\000a\000t\000i\000o\000n\000s\000\040\000f\000o\000r\000\040\000L\000o\000n\000g\000-\000H\000o\000r\000i\000z\000o\000n\000\040\000R\000L}{section.10}% 41
\BOOKMARK [2][-]{subsection.10.2}{\376\377\000L\000i\000m\000i\000t\000a\000t\000i\000o\000n\000s}{section.10}% 42
\BOOKMARK [2][-]{subsection.10.3}{\376\377\000B\000r\000o\000a\000d\000e\000r\000\040\000I\000m\000p\000a\000c\000t}{section.10}% 43
\BOOKMARK [2][-]{subsection.10.4}{\376\377\000F\000u\000t\000u\000r\000e\000\040\000W\000o\000r\000k}{section.10}% 44
\BOOKMARK [1][-]{section.11}{\376\377\000C\000o\000n\000c\000l\000u\000s\000i\000o\000n}{}% 45
\BOOKMARK [1][-]{appendix.A}{\376\377\000C\000o\000m\000p\000l\000e\000t\000e\000\040\000F\000e\000a\000t\000u\000r\000e\000\040\000D\000e\000s\000c\000r\000i\000p\000t\000i\000o\000n\000s}{}% 46
\BOOKMARK [2][-]{subsection.A.1}{\376\377\000T\000i\000e\000r\000\040\0001\000:\000\040\000C\000o\000r\000e\000\040\000R\000e\000s\000e\000a\000r\000c\000h\000\040\000M\000e\000t\000h\000o\000d\000s}{appendix.A}% 47
\BOOKMARK [2][-]{subsection.A.2}{\376\377\000T\000i\000e\000r\000\040\0002\000:\000\040\000R\000e\000w\000a\000r\000d\000\040\000S\000h\000a\000p\000i\000n\000g\000\040\000a\000n\000d\000\040\000S\000t\000a\000t\000e\000\040\000T\000r\000a\000c\000k\000i\000n\000g}{appendix.A}% 48
\BOOKMARK [2][-]{subsection.A.3}{\376\377\000T\000i\000e\000r\000\040\0003\000:\000\040\000A\000d\000v\000a\000n\000c\000e\000d\000\040\000T\000r\000a\000i\000n\000i\000n\000g\000\040\000I\000n\000f\000r\000a\000s\000t\000r\000u\000c\000t\000u\000r\000e}{appendix.A}% 49
\BOOKMARK [2][-]{subsection.A.4}{\376\377\000T\000i\000e\000r\000\040\0004\000:\000\040\000E\000v\000a\000l\000u\000a\000t\000i\000o\000n\000\040\000a\000n\000d\000\040\000V\000i\000s\000u\000a\000l\000i\000z\000a\000t\000i\000o\000n}{appendix.A}% 50
\BOOKMARK [2][-]{subsection.A.5}{\376\377\000T\000i\000e\000r\000\040\0005\000:\000\040\000F\000r\000o\000n\000t\000i\000e\000r\000\040\000R\000e\000s\000e\000a\000r\000c\000h\000\040\000F\000e\000a\000t\000u\000r\000e\000s}{appendix.A}% 51
\BOOKMARK [1][-]{appendix.B}{\376\377\000E\000n\000v\000i\000r\000o\000n\000m\000e\000n\000t\000\040\000C\000o\000n\000f\000i\000g\000u\000r\000a\000t\000i\000o\000n}{}% 52
\BOOKMARK [1][-]{appendix.C}{\376\377\000D\000e\000t\000a\000i\000l\000e\000d\000\040\000P\000e\000r\000-\000S\000e\000e\000d\000\040\000R\000e\000s\000u\000l\000t\000s}{}% 53
\BOOKMARK [1][-]{appendix.D}{\376\377\000S\000t\000a\000t\000i\000s\000t\000i\000c\000a\000l\000\040\000T\000e\000s\000t\000\040\000D\000e\000t\000a\000i\000l\000s}{}% 54
